Analizador Lexico
<<<<<<< HEAD
Autores
: Vega Angeles Christopher
Moya Arreola Cristian
Martinez Prieto Angel Josue
Fecha:08/09/2024 10:46:25 p. m.
=======
Autor: Vega Angeles Christopher
Fecha:06/09/2024 09:48:45 a. m.
>>>>>>> 206d64ea5d5c067fb9a531d6343e12f744920e65
using = Identificador
System = Identificador
; = FinSentencia
using = Identificador
System = Identificador
. = Caracter
Collections = Identificador
. = Caracter
Generic = Identificador
; = FinSentencia
using = Identificador
System = Identificador
. = Caracter
Linq = Identificador
; = FinSentencia
using = Identificador
System = Identificador
. = Caracter
Threading = Identificador
. = Caracter
Tasks = Identificador
; = FinSentencia
static = Identificador
void = Identificador
Main = Identificador
( = Caracter
string = Identificador
[ = Caracter
] = Caracter
args = Identificador
) = Caracter
{ = Inicio
char = TipoDato
a = Identificador
; = FinSentencia
int = TipoDato
i = Identificador
, = Caracter
j = Identificador
, = Caracter
k = Identificador
, = Caracter
l = Identificador
, = Caracter
m = Identificador
, = Caracter
n = Identificador
; = FinSentencia
i = Identificador
= = Asignacion
5 = Numero
; = FinSentencia
a = Identificador
i=5
= = Asignacion
50 = Numero
; = FinSentencia
a = Identificador
a=50
++ = IncTermino
; = FinSentencia
a = Identificador
a=51
-- = IncTermino
; = FinSentencia
a = Identificador
a=50
%= = IncFactor
2 = Numero
; = FinSentencia
<<<<<<< HEAD
} = Fin
a=0
￿ = Caracter
Stack: 

a (Char) = 0
i (Int) = 5
j (Int) = 0
k (Int) = 0
l (Int) = 0
m (Int) = 0
n (Int) = 0
=======
prueba = Identificador
Error:  Semantico: La variable   (a) esta fuera de rango
>>>>>>> 206d64ea5d5c067fb9a531d6343e12f744920e65
